<?xml version="1.0" encoding="UTF-8"?>
<coverage generated="1775109141193" clover="3.2.0">
  <project timestamp="1775109141193" name="All files">
    <metrics statements="56" coveredstatements="52" conditionals="44" coveredconditionals="39" methods="14" coveredmethods="12" elements="114" coveredelements="103" complexity="0" loc="56" ncloc="56" packages="1" files="2" classes="2"/>
    <file name="DiffViewer.tsx" path="/Volumes/Repos/interview/Technical_Assessment/client/src/components/DiffViewer.tsx">
      <metrics statements="24" coveredstatements="24" conditionals="16" coveredconditionals="14" methods="9" coveredmethods="9"/>
      <line num="10" count="1" type="stmt"/>
      <line num="11" count="5" type="stmt"/>
      <line num="13" count="5" type="stmt"/>
      <line num="14" count="2" type="stmt"/>
      <line num="17" count="5" type="stmt"/>
      <line num="18" count="1" type="stmt"/>
      <line num="19" count="1" type="stmt"/>
      <line num="20" count="1" type="stmt"/>
      <line num="21" count="1" type="stmt"/>
      <line num="23" count="1" type="stmt"/>
      <line num="24" count="1" type="stmt"/>
      <line num="34" count="1" type="stmt"/>
      <line num="37" count="1" type="stmt"/>
      <line num="40" count="5" type="stmt"/>
      <line num="53" count="5" type="stmt"/>
      <line num="62" count="2" type="cond" truecount="1" falsecount="1"/>
      <line num="72" count="20" type="stmt"/>
      <line num="73" count="20" type="stmt"/>
      <line num="74" count="20" type="stmt"/>
      <line num="76" count="20" type="cond" truecount="2" falsecount="0"/>
      <line num="77" count="15" type="stmt"/>
      <line num="88" count="5" type="stmt"/>
      <line num="116" count="5" type="cond" truecount="2" falsecount="0"/>
      <line num="117" count="5" type="stmt"/>
    </file>
    <file name="Uploader.tsx" path="/Volumes/Repos/interview/Technical_Assessment/client/src/components/Uploader.tsx">
      <metrics statements="32" coveredstatements="28" conditionals="28" coveredconditionals="25" methods="5" coveredmethods="3"/>
      <line num="9" count="1" type="stmt"/>
      <line num="10" count="10" type="stmt"/>
      <line num="11" count="10" type="stmt"/>
      <line num="12" count="10" type="stmt"/>
      <line num="14" count="10" type="stmt"/>
      <line num="15" count="3" type="stmt"/>
      <line num="16" count="3" type="cond" truecount="1" falsecount="1"/>
      <line num="17" count="3" type="stmt"/>
      <line num="18" count="3" type="stmt"/>
      <line num="22" count="10" type="stmt"/>
      <line num="23" count="3" type="stmt"/>
      <line num="24" count="3" type="stmt"/>
      <line num="26" count="3" type="stmt"/>
      <line num="27" count="3" type="stmt"/>
      <line num="29" count="3" type="stmt"/>
      <line num="30" count="3" type="cond" truecount="2" falsecount="0"/>
      <line num="35" count="2" type="stmt"/>
      <line num="37" count="2" type="cond" truecount="1" falsecount="1"/>
      <line num="38" count="2" type="cond" truecount="4" falsecount="0"/>
      <line num="39" count="1" type="stmt"/>
      <line num="40" count="1" type="stmt"/>
      <line num="41" count="1" type="stmt"/>
      <line num="43" count="1" type="stmt"/>
      <line num="44" count="1" type="stmt"/>
      <line num="45" count="1" type="stmt"/>
      <line num="46" count="0" type="stmt"/>
      <line num="47" count="0" type="stmt"/>
      <line num="51" count="0" type="stmt"/>
      <line num="54" count="1" type="stmt"/>
      <line num="55" count="1" type="stmt"/>
      <line num="59" count="10" type="stmt"/>
      <line num="71" count="0" type="stmt"/>
    </file>
  </project>
</coverage>
