{"/Volumes/Repos/interview/Technical_Assessment/client/src/components/DiffViewer.tsx": {"path":"/Volumes/Repos/interview/Technical_Assessment/client/src/components/DiffViewer.tsx","statementMap":{"0":{"start":{"line":10,"column":6},"end":{"line":136,"column":null}},"1":{"start":{"line":11,"column":36},"end":{"line":11,"column":85}},"2":{"start":{"line":13,"column":8},"end":{"line":14,"column":null}},"3":{"start":{"line":14,"column":4},"end":{"line":14,"column":null}},"4":{"start":{"line":14,"column":26},"end":{"line":14,"column":53}},"5":{"start":{"line":17,"column":29},"end":{"line":37,"column":null}},"6":{"start":{"line":18,"column":4},"end":{"line":34,"column":null}},"7":{"start":{"line":19,"column":25},"end":{"line":19,"column":37}},"8":{"start":{"line":20,"column":21},"end":{"line":20,"column":null}},"9":{"start":{"line":21,"column":23},"end":{"line":21,"column":63}},"10":{"start":{"line":21,"column":43},"end":{"line":21,"column":63}},"11":{"start":{"line":23,"column":6},"end":{"line":34,"column":null}},"12":{"start":{"line":24,"column":8},"end":{"line":32,"column":null}},"13":{"start":{"line":34,"column":8},"end":{"line":34,"column":null}},"14":{"start":{"line":37,"column":4},"end":{"line":37,"column":null}},"15":{"start":{"line":40,"column":2},"end":{"line":136,"column":null}},"16":{"start":{"line":53,"column":10},"end":{"line":127,"column":null}},"17":{"start":{"line":62,"column":37},"end":{"line":62,"column":null}},"18":{"start":{"line":72,"column":33},"end":{"line":72,"column":null}},"19":{"start":{"line":73,"column":33},"end":{"line":73,"column":null}},"20":{"start":{"line":74,"column":34},"end":{"line":74,"column":null}},"21":{"start":{"line":76,"column":16},"end":{"line":84,"column":null}},"22":{"start":{"line":77,"column":18},"end":{"line":84,"column":null}},"23":{"start":{"line":88,"column":16},"end":{"line":104,"column":null}},"24":{"start":{"line":116,"column":31},"end":{"line":116,"column":null}},"25":{"start":{"line":117,"column":18},"end":{"line":122,"column":null}}},"fnMap":{"0":{"name":"(anonymous_0)","decl":{"start":{"line":10,"column":6},"end":{"line":10,"column":47}},"loc":{"start":{"line":10,"column":85},"end":{"line":136,"column":null}},"line":10},"1":{"name":"(anonymous_1)","decl":{"start":{"line":13,"column":8},"end":{"line":13,"column":26}},"loc":{"start":{"line":13,"column":64},"end":{"line":14,"column":null}},"line":13},"2":{"name":"(anonymous_2)","decl":{"start":{"line":14,"column":4},"end":{"line":14,"column":17}},"loc":{"start":{"line":14,"column":26},"end":{"line":14,"column":53}},"line":14},"3":{"name":"(anonymous_3)","decl":{"start":{"line":17,"column":29},"end":{"line":17,"column":41}},"loc":{"start":{"line":17,"column":41},"end":{"line":37,"column":null}},"line":17},"4":{"name":"(anonymous_4)","decl":{"start":{"line":21,"column":33},"end":{"line":21,"column":38}},"loc":{"start":{"line":21,"column":43},"end":{"line":21,"column":63}},"line":21},"5":{"name":"(anonymous_5)","decl":{"start":{"line":52,"column":19},"end":{"line":52,"column":24}},"loc":{"start":{"line":53,"column":10},"end":{"line":127,"column":null}},"line":53},"6":{"name":"(anonymous_6)","decl":{"start":{"line":62,"column":20},"end":{"line":62,"column":31}},"loc":{"start":{"line":62,"column":37},"end":{"line":62,"column":null}},"line":62},"7":{"name":"(anonymous_7)","decl":{"start":{"line":71,"column":51},"end":{"line":71,"column":55}},"loc":{"start":{"line":71,"column":62},"end":{"line":104,"column":null}},"line":71},"8":{"name":"(anonymous_8)","decl":{"start":{"line":115,"column":24},"end":{"line":115,"column":null}},"loc":{"start":{"line":115,"column":24},"end":{"line":122,"column":null}},"line":115}},"branchMap":{"0":{"loc":{"start":{"line":30,"column":18},"end":{"line":30,"column":null}},"type":"cond-expr","locations":[{"start":{"line":30,"column":37},"end":{"line":30,"column":52}},{"start":{"line":30,"column":52},"end":{"line":30,"column":null}}],"line":30},"1":{"loc":{"start":{"line":57,"column":49},"end":{"line":57,"column":101}},"type":"cond-expr","locations":[{"start":{"line":57,"column":84},"end":{"line":57,"column":95}},{"start":{"line":57,"column":95},"end":{"line":57,"column":101}}],"line":57},"2":{"loc":{"start":{"line":62,"column":65},"end":{"line":62,"column":null}},"type":"cond-expr","locations":[{"start":{"line":62,"column":84},"end":{"line":62,"column":92}},{"start":{"line":62,"column":92},"end":{"line":62,"column":null}}],"line":62},"3":{"loc":{"start":{"line":66,"column":49},"end":{"line":66,"column":101}},"type":"cond-expr","locations":[{"start":{"line":66,"column":84},"end":{"line":66,"column":95}},{"start":{"line":66,"column":95},"end":{"line":66,"column":101}}],"line":66},"4":{"loc":{"start":{"line":76,"column":16},"end":{"line":84,"column":null}},"type":"if","locations":[{"start":{"line":76,"column":16},"end":{"line":84,"column":null}},{"start":{},"end":{}}],"line":76},"5":{"loc":{"start":{"line":111,"column":93},"end":{"line":111,"column":164}},"type":"cond-expr","locations":[{"start":{"line":111,"column":128},"end":{"line":111,"column":146}},{"start":{"line":111,"column":146},"end":{"line":111,"column":164}}],"line":111},"6":{"loc":{"start":{"line":114,"column":147},"end":{"line":114,"column":220}},"type":"cond-expr","locations":[{"start":{"line":114,"column":182},"end":{"line":114,"column":200}},{"start":{"line":114,"column":200},"end":{"line":114,"column":220}}],"line":114},"7":{"loc":{"start":{"line":116,"column":31},"end":{"line":116,"column":null}},"type":"cond-expr","locations":[{"start":{"line":116,"column":66},"end":{"line":116,"column":81}},{"start":{"line":116,"column":81},"end":{"line":116,"column":null}}],"line":116}},"s":{"0":1,"1":5,"2":5,"3":2,"4":2,"5":5,"6":1,"7":1,"8":1,"9":1,"10":1,"11":1,"12":1,"13":1,"14":1,"15":5,"16":5,"17":2,"18":20,"19":20,"20":20,"21":20,"22":15,"23":5,"24":5,"25":5},"f":{"0":5,"1":2,"2":2,"3":1,"4":1,"5":5,"6":2,"7":20,"8":5},"b":{"0":[1,0],"1":[3,2],"2":[2,0],"3":[2,3],"4":[15,5],"5":[2,3],"6":[2,3],"7":[2,3]},"meta":{"lastBranch":8,"lastFunction":9,"lastStatement":26,"seen":{"s:10:6:136:Infinity":0,"f:10:6:10:47":0,"s:11:36:11:85":1,"s:13:8:14:Infinity":2,"f:13:8:13:26":1,"s:14:4:14:Infinity":3,"f:14:4:14:17":2,"s:14:26:14:53":4,"s:17:29:37:Infinity":5,"f:17:29:17:41":3,"s:18:4:34:Infinity":6,"s:19:25:19:37":7,"s:20:21:20:Infinity":8,"s:21:23:21:63":9,"f:21:33:21:38":4,"s:21:43:21:63":10,"s:23:6:34:Infinity":11,"s:24:8:32:Infinity":12,"b:30:37:30:52:30:52:30:Infinity":0,"s:34:8:34:Infinity":13,"s:37:4:37:Infinity":14,"s:40:2:136:Infinity":15,"f:52:19:52:24":5,"s:53:10:127:Infinity":16,"b:57:84:57:95:57:95:57:101":1,"f:62:20:62:31":6,"s:62:37:62:Infinity":17,"b:62:84:62:92:62:92:62:Infinity":2,"b:66:84:66:95:66:95:66:101":3,"f:71:51:71:55":7,"s:72:33:72:Infinity":18,"s:73:33:73:Infinity":19,"s:74:34:74:Infinity":20,"b:76:16:84:Infinity:undefined:undefined:undefined:undefined":4,"s:76:16:84:Infinity":21,"s:77:18:84:Infinity":22,"s:88:16:104:Infinity":23,"b:111:128:111:146:111:146:111:164":5,"b:114:182:114:200:114:200:114:220":6,"f:115:24:115:Infinity":8,"s:116:31:116:Infinity":24,"b:116:66:116:81:116:81:116:Infinity":7,"s:117:18:122:Infinity":25}}}
,"/Volumes/Repos/interview/Technical_Assessment/client/src/components/Uploader.tsx": {"path":"/Volumes/Repos/interview/Technical_Assessment/client/src/components/Uploader.tsx","statementMap":{"0":{"start":{"line":9,"column":6},"end":{"line":82,"column":null}},"1":{"start":{"line":10,"column":19},"end":{"line":10,"column":63}},"2":{"start":{"line":11,"column":17},"end":{"line":11,"column":105}},"3":{"start":{"line":12,"column":8},"end":{"line":12,"column":53}},"4":{"start":{"line":14,"column":8},"end":{"line":18,"column":null}},"5":{"start":{"line":15,"column":17},"end":{"line":15,"column":null}},"6":{"start":{"line":16,"column":4},"end":{"line":18,"column":null}},"7":{"start":{"line":17,"column":6},"end":{"line":17,"column":null}},"8":{"start":{"line":18,"column":6},"end":{"line":18,"column":null}},"9":{"start":{"line":22,"column":21},"end":{"line":55,"column":null}},"10":{"start":{"line":23,"column":21},"end":{"line":23,"column":35}},"11":{"start":{"line":24,"column":4},"end":{"line":24,"column":null}},"12":{"start":{"line":26,"column":4},"end":{"line":26,"column":null}},"13":{"start":{"line":27,"column":4},"end":{"line":27,"column":null}},"14":{"start":{"line":29,"column":4},"end":{"line":55,"column":null}},"15":{"start":{"line":30,"column":23},"end":{"line":33,"column":8}},"16":{"start":{"line":35,"column":21},"end":{"line":35,"column":42}},"17":{"start":{"line":37,"column":6},"end":{"line":51,"column":null}},"18":{"start":{"line":38,"column":8},"end":{"line":48,"column":null}},"19":{"start":{"line":39,"column":10},"end":{"line":39,"column":null}},"20":{"start":{"line":40,"column":10},"end":{"line":40,"column":null}},"21":{"start":{"line":41,"column":10},"end":{"line":41,"column":null}},"22":{"start":{"line":43,"column":10},"end":{"line":43,"column":null}},"23":{"start":{"line":44,"column":10},"end":{"line":44,"column":null}},"24":{"start":{"line":45,"column":10},"end":{"line":48,"column":null}},"25":{"start":{"line":46,"column":12},"end":{"line":46,"column":null}},"26":{"start":{"line":47,"column":12},"end":{"line":47,"column":null}},"27":{"start":{"line":51,"column":8},"end":{"line":51,"column":null}},"28":{"start":{"line":54,"column":6},"end":{"line":54,"column":null}},"29":{"start":{"line":55,"column":6},"end":{"line":55,"column":null}},"30":{"start":{"line":59,"column":2},"end":{"line":82,"column":null}},"31":{"start":{"line":71,"column":23},"end":{"line":71,"column":52}}},"fnMap":{"0":{"name":"(anonymous_0)","decl":{"start":{"line":9,"column":6},"end":{"line":9,"column":43}},"loc":{"start":{"line":9,"column":81},"end":{"line":82,"column":null}},"line":9},"1":{"name":"(anonymous_1)","decl":{"start":{"line":14,"column":8},"end":{"line":14,"column":28}},"loc":{"start":{"line":14,"column":71},"end":{"line":18,"column":null}},"line":14},"2":{"name":"(anonymous_2)","decl":{"start":{"line":22,"column":21},"end":{"line":22,"column":28}},"loc":{"start":{"line":22,"column":43},"end":{"line":55,"column":null}},"line":22},"3":{"name":"(anonymous_3)","decl":{"start":{"line":45,"column":10},"end":{"line":45,"column":27}},"loc":{"start":{"line":45,"column":27},"end":{"line":48,"column":18}},"line":45},"4":{"name":"(anonymous_4)","decl":{"start":{"line":71,"column":8},"end":{"line":71,"column":23}},"loc":{"start":{"line":71,"column":23},"end":{"line":71,"column":52}},"line":71}},"branchMap":{"0":{"loc":{"start":{"line":16,"column":4},"end":{"line":18,"column":null}},"type":"if","locations":[{"start":{"line":16,"column":4},"end":{"line":18,"column":null}},{"start":{},"end":{}}],"line":16},"1":{"loc":{"start":{"line":30,"column":38},"end":{"line":30,"column":73}},"type":"binary-expr","locations":[{"start":{"line":30,"column":38},"end":{"line":30,"column":70}},{"start":{"line":30,"column":70},"end":{"line":30,"column":73}}],"line":30},"2":{"loc":{"start":{"line":37,"column":6},"end":{"line":51,"column":null}},"type":"if","locations":[{"start":{"line":37,"column":6},"end":{"line":51,"column":null}},{"start":{"line":50,"column":13},"end":{"line":51,"column":null}}],"line":37},"3":{"loc":{"start":{"line":38,"column":8},"end":{"line":48,"column":null}},"type":"if","locations":[{"start":{"line":38,"column":8},"end":{"line":48,"column":null}},{"start":{"line":42,"column":15},"end":{"line":48,"column":null}}],"line":38},"4":{"loc":{"start":{"line":38,"column":12},"end":{"line":38,"column":61}},"type":"binary-expr","locations":[{"start":{"line":38,"column":12},"end":{"line":38,"column":32}},{"start":{"line":38,"column":32},"end":{"line":38,"column":61}}],"line":38},"5":{"loc":{"start":{"line":70,"column":26},"end":{"line":70,"column":null}},"type":"cond-expr","locations":[{"start":{"line":70,"column":78},"end":{"line":70,"column":113}},{"start":{"line":70,"column":113},"end":{"line":70,"column":null}}],"line":70},"6":{"loc":{"start":{"line":70,"column":26},"end":{"line":70,"column":78}},"type":"binary-expr","locations":[{"start":{"line":70,"column":26},"end":{"line":70,"column":52}},{"start":{"line":70,"column":52},"end":{"line":70,"column":78}}],"line":70},"7":{"loc":{"start":{"line":73,"column":9},"end":{"line":73,"column":null}},"type":"binary-expr","locations":[{"start":{"line":73,"column":9},"end":{"line":73,"column":30}},{"start":{"line":73,"column":30},"end":{"line":73,"column":null}}],"line":73},"8":{"loc":{"start":{"line":74,"column":10},"end":{"line":74,"column":null}},"type":"binary-expr","locations":[{"start":{"line":74,"column":10},"end":{"line":74,"column":36}},{"start":{"line":74,"column":36},"end":{"line":74,"column":64}},{"start":{"line":74,"column":64},"end":{"line":74,"column":null}}],"line":74},"9":{"loc":{"start":{"line":74,"column":116},"end":{"line":74,"column":187}},"type":"cond-expr","locations":[{"start":{"line":74,"column":141},"end":{"line":74,"column":168}},{"start":{"line":74,"column":168},"end":{"line":74,"column":187}}],"line":74},"10":{"loc":{"start":{"line":75,"column":9},"end":{"line":75,"column":null}},"type":"binary-expr","locations":[{"start":{"line":75,"column":9},"end":{"line":75,"column":33}},{"start":{"line":75,"column":33},"end":{"line":75,"column":null}}],"line":75},"11":{"loc":{"start":{"line":76,"column":9},"end":{"line":76,"column":null}},"type":"binary-expr","locations":[{"start":{"line":76,"column":9},"end":{"line":76,"column":31}},{"start":{"line":76,"column":31},"end":{"line":76,"column":null}}],"line":76},"12":{"loc":{"start":{"line":79,"column":7},"end":{"line":82,"column":null}},"type":"binary-expr","locations":[{"start":{"line":79,"column":7},"end":{"line":79,"column":28}},{"start":{"line":79,"column":28},"end":{"line":79,"column":null}},{"start":{"line":80,"column":8},"end":{"line":82,"column":null}}],"line":79}},"s":{"0":1,"1":10,"2":10,"3":10,"4":10,"5":3,"6":3,"7":3,"8":3,"9":10,"10":3,"11":3,"12":3,"13":3,"14":3,"15":3,"16":2,"17":2,"18":2,"19":1,"20":1,"21":1,"22":1,"23":1,"24":1,"25":0,"26":0,"27":0,"28":1,"29":1,"30":10,"31":0},"f":{"0":10,"1":3,"2":3,"3":0,"4":0},"b":{"0":[3,0],"1":[3,3],"2":[2,0],"3":[1,1],"4":[2,1],"5":[3,7],"6":[10,7],"7":[10,5],"8":[10,7,3],"9":[3,0],"10":[10,1],"11":[10,1],"12":[10,5,5]},"meta":{"lastBranch":13,"lastFunction":5,"lastStatement":32,"seen":{"s:9:6:82:Infinity":0,"f:9:6:9:43":0,"s:10:19:10:63":1,"s:11:17:11:105":2,"s:12:8:12:53":3,"s:14:8:18:Infinity":4,"f:14:8:14:28":1,"s:15:17:15:Infinity":5,"b:16:4:18:Infinity:undefined:undefined:undefined:undefined":0,"s:16:4:18:Infinity":6,"s:17:6:17:Infinity":7,"s:18:6:18:Infinity":8,"s:22:21:55:Infinity":9,"f:22:21:22:28":2,"s:23:21:23:35":10,"s:24:4:24:Infinity":11,"s:26:4:26:Infinity":12,"s:27:4:27:Infinity":13,"s:29:4:55:Infinity":14,"s:30:23:33:8":15,"b:30:38:30:70:30:70:30:73":1,"s:35:21:35:42":16,"b:37:6:51:Infinity:50:13:51:Infinity":2,"s:37:6:51:Infinity":17,"b:38:8:48:Infinity:42:15:48:Infinity":3,"s:38:8:48:Infinity":18,"b:38:12:38:32:38:32:38:61":4,"s:39:10:39:Infinity":19,"s:40:10:40:Infinity":20,"s:41:10:41:Infinity":21,"s:43:10:43:Infinity":22,"s:44:10:44:Infinity":23,"s:45:10:48:Infinity":24,"f:45:10:45:27":3,"s:46:12:46:Infinity":25,"s:47:12:47:Infinity":26,"s:51:8:51:Infinity":27,"s:54:6:54:Infinity":28,"s:55:6:55:Infinity":29,"s:59:2:82:Infinity":30,"b:70:78:70:113:70:113:70:Infinity":5,"b:70:26:70:52:70:52:70:78":6,"f:71:8:71:23":4,"s:71:23:71:52":31,"b:73:9:73:30:73:30:73:Infinity":7,"b:74:10:74:36:74:36:74:64:74:64:74:Infinity":8,"b:74:141:74:168:74:168:74:187":9,"b:75:9:75:33:75:33:75:Infinity":10,"b:76:9:76:31:76:31:76:Infinity":11,"b:79:7:79:28:79:28:79:Infinity:80:8:82:Infinity":12}}}
}
